[    0.000000] Initializing cgroup subsys cpuset
[    0.000000] Initializing cgroup subsys cpu
[    0.000000] Initializing cgroup subsys cpuacct
[    0.000000] Linux version 4.4.0-210-generic (buildd@lgw01-amd64-009) (gcc version 5.4.0 20160609 (Ubuntu 5.4.0-6ubuntu1~16.04.12) ) #242-Ubuntu SMP Fri Apr 16 09:57:56 UTC 2021 (Ubuntu 4.4.0-210.242-generic 4.4.262)
[    0.000000] Command line: BOOT_IMAGE=/boot/vmlinuz-4.4.0-210-generic root=LABEL=cloudimg-rootfs ro console=tty1 console=ttyS0
[    0.000000] KERNEL supported cpus:
[    0.000000]   Intel GenuineIntel
[    0.000000]   AMD AuthenticAMD
[    0.000000]   Centaur CentaurHauls
[    0.000000] x86/fpu: xstate_offset[2]:  576, xstate_sizes[2]:  256
[    0.000000] x86/fpu: Supporting XSAVE feature 0x01: 'x87 floating point registers'
[    0.000000] x86/fpu: Supporting XSAVE feature 0x02: 'SSE registers'
[    0.000000] x86/fpu: Supporting XSAVE feature 0x04: 'AVX registers'
[    0.000000] x86/fpu: Enabled xstate features 0x7, context size is 832 bytes, using 'standard' format.
[    0.000000] e820: BIOS-provided physical RAM map:
[    0.000000] BIOS-e820: [mem 0x0000000000000000-0x000000000009fbff] usable
[    0.000000] BIOS-e820: [mem 0x000000000009fc00-0x000000000009ffff] reserved
[    0.000000] BIOS-e820: [mem 0x00000000000f0000-0x00000000000fffff] reserved
[    0.000000] BIOS-e820: [mem 0x0000000000100000-0x000000007ffeffff] usable
[    0.000000] BIOS-e820: [mem 0x000000007fff0000-0x000000007fffffff] ACPI data
[    0.000000] BIOS-e820: [mem 0x00000000fec00000-0x00000000fec00fff] reserved
[    0.000000] BIOS-e820: [mem 0x00000000fee00000-0x00000000fee00fff] reserved
[    0.000000] BIOS-e820: [mem 0x00000000fffc0000-0x00000000ffffffff] reserved
[    0.000000] NX (Execute Disable) protection: active
[    0.000000] SMBIOS 2.5 present.
[    0.000000] Hypervisor detected: KVM
[    0.000000] e820: last_pfn = 0x7fff0 max_arch_pfn = 0x400000000
[    0.000000] MTRR: Disabled
[    0.000000] x86/PAT: MTRRs disabled, skipping PAT initialization too.
[    0.000000] CPU MTRRs all blank - virtualized system.
[    0.000000] x86/PAT: Configuration [0-7]: WB  WT  UC- UC  WB  WT  UC- UC  
[    0.000000] found SMP MP-table at [mem 0x0009fff0-0x0009ffff] mapped at [ffff88000009fff0]
[    0.000000] Scanning 1 areas for low memory corruption
[    0.000000] RAMDISK: [mem 0x362dc000-0x37165fff]
[    0.000000] ACPI: Early table checksum verification disabled
[    0.000000] ACPI: RSDP 0x00000000000E0000 000024 (v02 VBOX  )
[    0.000000] ACPI: XSDT 0x000000007FFF0030 00003C (v01 VBOX   VBOXXSDT 00000001 ASL  00000061)
[    0.000000] ACPI: FACP 0x000000007FFF00F0 0000F4 (v04 VBOX   VBOXFACP 00000001 ASL  00000061)
[    0.000000] ACPI: DSDT 0x000000007FFF0610 002353 (v02 VBOX   VBOXBIOS 00000002 INTL 20200925)
[    0.000000] ACPI: FACS 0x000000007FFF0200 000040
[    0.000000] ACPI: FACS 0x000000007FFF0200 000040
[    0.000000] ACPI: APIC 0x000000007FFF0240 00005C (v02 VBOX   VBOXAPIC 00000001 ASL  00000061)
[    0.000000] ACPI: SSDT 0x000000007FFF02A0 00036C (v01 VBOX   VBOXCPUT 00000002 INTL 20200925)
[    0.000000] No NUMA configuration found
[    0.000000] Faking a node at [mem 0x0000000000000000-0x000000007ffeffff]
[    0.000000] NODE_DATA(0) allocated [mem 0x7ffeb000-0x7ffeffff]
[    0.000000] kvm-clock: Using msrs 4b564d01 and 4b564d00
[    0.000000] kvm-clock: cpu 0, msr 0:7ffe3001, primary cpu clock
[    0.000000] kvm-clock: using sched offset of 3975271621 cycles
[    0.000000] clocksource: kvm-clock: mask: 0xffffffffffffffff max_cycles: 0x1cd42e4dffb, max_idle_ns: 881590591483 ns
[    0.000000] Zone ranges:
[    0.000000]   DMA      [mem 0x0000000000001000-0x0000000000ffffff]
[    0.000000]   DMA32    [mem 0x0000000001000000-0x000000007ffeffff]
[    0.000000]   Normal   empty
[    0.000000]   Device   empty
[    0.000000] Movable zone start for each node
[    0.000000] Early memory node ranges
[    0.000000]   node   0: [mem 0x0000000000001000-0x000000000009efff]
[    0.000000]   node   0: [mem 0x0000000000100000-0x000000007ffeffff]
[    0.000000] Initmem setup node 0 [mem 0x0000000000001000-0x000000007ffeffff]
[    0.000000] ACPI: PM-Timer IO Port: 0x4008
[    0.000000] IOAPIC[0]: apic_id 2, version 32, address 0xfec00000, GSI 0-23
[    0.000000] ACPI: INT_SRC_OVR (bus 0 bus_irq 0 global_irq 2 dfl dfl)
[    0.000000] ACPI: INT_SRC_OVR (bus 0 bus_irq 9 global_irq 9 low level)
[    0.000000] Using ACPI (MADT) for SMP configuration information
[    0.000000] smpboot: Allowing 2 CPUs, 0 hotplug CPUs
[    0.000000] PM: Registered nosave memory: [mem 0x00000000-0x00000fff]
[    0.000000] PM: Registered nosave memory: [mem 0x0009f000-0x0009ffff]
[    0.000000] PM: Registered nosave memory: [mem 0x000a0000-0x000effff]
[    0.000000] PM: Registered nosave memory: [mem 0x000f0000-0x000fffff]
[    0.000000] e820: [mem 0x80000000-0xfebfffff] available for PCI devices
[    0.000000] Booting paravirtualized kernel on KVM
[    0.000000] clocksource: refined-jiffies: mask: 0xffffffff max_cycles: 0xffffffff, max_idle_ns: 7645519600211568 ns
[    0.000000] setup_percpu: NR_CPUS:512 nr_cpumask_bits:512 nr_cpu_ids:2 nr_node_ids:1
[    0.000000] PERCPU: Embedded 33 pages/cpu @ffff88007fc00000 s95192 r8192 d31784 u1048576
[    0.000000] Built 1 zonelists in Node order, mobility grouping on.  Total pages: 515960
[    0.000000] Policy zone: DMA32
[    0.000000] Kernel command line: BOOT_IMAGE=/boot/vmlinuz-4.4.0-210-generic root=LABEL=cloudimg-rootfs ro console=tty1 console=ttyS0
[    0.000000] PID hash table entries: 4096 (order: 3, 32768 bytes)
[    0.000000] Memory: 2029984K/2096696K available (8644K kernel code, 1332K rwdata, 4044K rodata, 1492K init, 1164K bss, 66712K reserved, 0K cma-reserved)
[    0.000000] SLUB: HWalign=64, Order=0-3, MinObjects=0, CPUs=2, Nodes=1
[    0.000000] Kernel/User page tables isolation: enabled
[    0.000000] Hierarchical RCU implementation.
[    0.000000] 	Build-time adjustment of leaf fanout to 64.
[    0.000000] 	RCU restricting CPUs from NR_CPUS=512 to nr_cpu_ids=2.
[    0.000000] RCU: Adjusting geometry for rcu_fanout_leaf=64, nr_cpu_ids=2
[    0.000000] NR_IRQS:33024 nr_irqs:440 16
[    0.000000] Console: colour VGA+ 80x25
[    0.000000] console [tty1] enabled
[    0.000000] console [ttyS0] enabled
[    0.000000] tsc: Detected 2394.454 MHz processor
[    0.147486] Calibrating delay loop (skipped) preset value.. 4788.90 BogoMIPS (lpj=9577816)
[    0.149414] pid_max: default: 32768 minimum: 301
[    0.150398] ACPI: Core revision 20150930
[    0.152296] ACPI: 2 ACPI AML tables successfully acquired and loaded
[    0.153672] Security Framework initialized
[    0.154570] Yama: becoming mindful.
[    0.155370] AppArmor: AppArmor initialized
[    0.156648] Dentry cache hash table entries: 262144 (order: 9, 2097152 bytes)
[    0.158375] Inode-cache hash table entries: 131072 (order: 8, 1048576 bytes)
[    0.160119] Mount-cache hash table entries: 4096 (order: 3, 32768 bytes)
[    0.161434] Mountpoint-cache hash table entries: 4096 (order: 3, 32768 bytes)
[    0.163002] Initializing cgroup subsys io
[    0.163925] Initializing cgroup subsys memory
[    0.164867] Initializing cgroup subsys devices
[    0.165823] Initializing cgroup subsys freezer
[    0.166792] Initializing cgroup subsys net_cls
[    0.167755] Initializing cgroup subsys perf_event
[    0.168750] Initializing cgroup subsys net_prio
[    0.169788] Initializing cgroup subsys hugetlb
[    0.170747] Initializing cgroup subsys pids
[    0.172502] mce: CPU supports 0 MCE banks
[    0.173398] Last level iTLB entries: 4KB 64, 2MB 8, 4MB 8
[    0.174496] Last level dTLB entries: 4KB 64, 2MB 0, 4MB 0, 1GB 4
[    0.175709] Spectre V1 : Mitigation: usercopy/swapgs barriers and __user pointer sanitization
[    0.177565] Spectre V2 : Mitigation: Full generic retpoline
[    0.178668] Spectre V2 : Spectre v2 / SpectreRSB mitigation: Filling RSB on context switch
[    0.180345] Speculative Store Bypass: Vulnerable
[    0.181377] MDS: Mitigation: Clear CPU buffers
[    0.184582] Freeing SMP alternatives memory: 36K
[    0.190627] ftrace: allocating 32380 entries in 127 pages
[    0.243205] smpboot: APIC(0) Converting physical 0 to logical package 0
[    0.244628] smpboot: Max logical packages: 1
[    0.245808] x2apic enabled
[    0.246761] Switched APIC routing to physical x2apic.
[    0.248939] ..TIMER: vector=0x30 apic1=0 pin1=2 apic2=-1 pin2=-1
[    0.358266] smpboot: CPU0: Intel(R) Xeon(R) CPU E5-2680 v4 @ 2.40GHz (family: 0x6, model: 0x4f, stepping: 0x1)
[    0.360568] Performance Events: unsupported p6 CPU model 79 no PMU driver, software events only.
[    0.371338] KVM setup paravirtual spinlock
[    0.373232] x86: Booting SMP configuration:
[    0.374209] .... node  #0, CPUs:      #1
[    0.375346] kvm-clock: cpu 1, msr 0:7ffe3041, secondary cpu clock
[    0.378032] mce: CPU supports 0 MCE banks
[    0.381093] x86: Booted up 1 node, 2 CPUs
[    0.382250] smpboot: Total of 2 processors activated (9577.81 BogoMIPS)
[    0.384063] devtmpfs: initialized
[    0.386187] evm: security.selinux
[    0.386993] evm: security.SMACK64
[    0.387784] evm: security.SMACK64EXEC
[    0.388640] evm: security.SMACK64TRANSMUTE
[    0.389537] evm: security.SMACK64MMAP
[    0.390385] evm: security.ima
[    0.391103] evm: security.capability
[    0.392111] clocksource: jiffies: mask: 0xffffffff max_cycles: 0xffffffff, max_idle_ns: 7645041785100000 ns
[    0.394203] futex hash table entries: 512 (order: 3, 32768 bytes)
[    0.395566] pinctrl core: initialized pinctrl subsystem
[    0.396834] RTC time: 19:18:46, date: 10/02/23
[    0.397979] NET: Registered protocol family 16
[    0.410122] cpuidle: using governor ladder
[    0.422095] cpuidle: using governor menu
[    0.423088] PCCT header not found.
[    0.424018] ACPI: bus type PCI registered
[    0.424940] acpiphp: ACPI Hot Plug PCI Controller Driver version: 0.5
[    0.426336] PCI: Using configuration type 1 for base access
[    0.438991] ACPI: Added _OSI(Module Device)
[    0.440029] ACPI: Added _OSI(Processor Device)
[    0.441332] ACPI: Added _OSI(3.0 _SCP Extensions)
[    0.442660] ACPI: Added _OSI(Processor Aggregator Device)
[    0.445046] ACPI: Executed 1 blocks of module-level executable AML code
[    0.449402] ACPI: Interpreter enabled
[    0.450545] ACPI: (supports S0 S5)
[    0.451502] ACPI: Using IOAPIC for interrupt routing
[    0.452974] PCI: Using host bridge windows from ACPI; if necessary, use "pci=nocrs" and report a bug
[    0.459278] ACPI: PCI Root Bridge [PCI0] (domain 0000 [bus 00-ff])
[    0.460663] acpi PNP0A03:00: _OSC: OS supports [ASPM ClockPM Segments MSI]
[    0.462411] acpi PNP0A03:00: _OSC: not requesting OS control; OS requires [ExtendedConfig ASPM ClockPM MSI]
[    0.464667] acpi PNP0A03:00: fail to add MMCONFIG information, can't access extended PCI configuration space under this bridge.
[    0.467326] PCI host bridge to bus 0000:00
[    0.468288] pci_bus 0000:00: root bus resource [io  0x0000-0x0cf7 window]
[    0.469776] pci_bus 0000:00: root bus resource [io  0x0d00-0xffff window]
[    0.471216] pci_bus 0000:00: root bus resource [mem 0x000a0000-0x000bffff window]
[    0.472985] pci_bus 0000:00: root bus resource [mem 0x80000000-0xfdffffff window]
[    0.474613] pci_bus 0000:00: root bus resource [bus 00-ff]
[    0.477183] pci 0000:00:01.1: legacy IDE quirk: reg 0x10: [io  0x01f0-0x01f7]
[    0.478698] pci 0000:00:01.1: legacy IDE quirk: reg 0x14: [io  0x03f6]
[    0.479969] pci 0000:00:01.1: legacy IDE quirk: reg 0x18: [io  0x0170-0x0177]
[    0.481374] pci 0000:00:01.1: legacy IDE quirk: reg 0x1c: [io  0x0376]
[    0.517008] pci 0000:00:07.0: quirk: [io  0x4000-0x403f] claimed by PIIX4 ACPI
[    0.518722] pci 0000:00:07.0: quirk: [io  0x4100-0x410f] claimed by PIIX4 SMB
[    0.536734] ACPI: PCI Interrupt Link [LNKA] (IRQs 5 9 10 *11)
[    0.538459] ACPI: PCI Interrupt Link [LNKB] (IRQs 5 9 *10 11)
[    0.540011] ACPI: PCI Interrupt Link [LNKC] (IRQs 5 *9 10 11)
[    0.541612] ACPI: PCI Interrupt Link [LNKD] (IRQs 5 9 10 *11)
[    0.543224] ACPI: Enabled 2 GPEs in block 00 to 07
[    0.544636] vgaarb: setting as boot device: PCI:0000:00:02.0
[    0.545872] vgaarb: device added: PCI:0000:00:02.0,decodes=io+mem,owns=io+mem,locks=none
[    0.547696] vgaarb: loaded
[    0.548421] vgaarb: bridge control possible 0000:00:02.0
[    0.549761] SCSI subsystem initialized
[    0.550756] ACPI: bus type USB registered
[    0.551682] usbcore: registered new interface driver usbfs
[    0.552833] usbcore: registered new interface driver hub
[    0.553987] usbcore: registered new device driver usb
[    0.555332] PCI: Using ACPI for IRQ routing
[    0.556557] NetLabel: Initializing
[    0.557393] NetLabel:  domain hash size = 128
[    0.558334] NetLabel:  protocols = UNLABELED CIPSOv4
[    0.559343] NetLabel:  unlabeled traffic allowed by default
[    0.560660] amd_nb: Cannot enumerate AMD northbridges
[    0.561787] clocksource: Switched to clocksource kvm-clock
[    0.568591] AppArmor: AppArmor Filesystem Enabled
[    0.569718] pnp: PnP ACPI init
[    0.571147] pnp: PnP ACPI: found 3 devices
[    0.581885] clocksource: acpi_pm: mask: 0xffffff max_cycles: 0xffffff, max_idle_ns: 2085701024 ns
[    0.583937] NET: Registered protocol family 2
[    0.585030] TCP established hash table entries: 16384 (order: 5, 131072 bytes)
[    0.586645] TCP bind hash table entries: 16384 (order: 6, 262144 bytes)
[    0.588034] TCP: Hash tables configured (established 16384 bind 16384)
[    0.589344] UDP hash table entries: 1024 (order: 3, 32768 bytes)
[    0.590603] UDP-Lite hash table entries: 1024 (order: 3, 32768 bytes)
[    0.591923] NET: Registered protocol family 1
[    0.592906] pci 0000:00:00.0: Limiting direct PCI/PCI transfers
[    0.594142] pci 0000:00:01.0: Activating ISA DMA hang workarounds
[    0.595521] Unpacking initramfs...
[    0.796444] Freeing initrd memory: 14888K
[    0.797498] clocksource: tsc: mask: 0xffffffffffffffff max_cycles: 0x2283c0783fd, max_idle_ns: 440795301468 ns
[    0.799558] platform rtc_cmos: registered platform RTC device (no PNP device found)
[    0.801342] Scanning for low memory corruption every 60 seconds
[    0.803107] audit: initializing netlink subsys (disabled)
[    0.804331] audit: type=2000 audit(1696274332.313:1): initialized
[    0.805833] Initialise system trusted keyring
[    0.807025] HugeTLB registered 2 MB page size, pre-allocated 0 pages
[    0.809682] zbud: loaded
[    0.810822] VFS: Disk quotas dquot_6.6.0
[    0.811828] VFS: Dquot-cache hash table entries: 512 (order 0, 4096 bytes)
[    0.813386] squashfs: version 4.0 (2009/01/31) Phillip Lougher
[    0.814947] fuse init (API version 7.23)
[    0.816039] Key type big_key registered
[    0.816990] Allocating IMA MOK and blacklist keyrings.
[    0.819374] Key type asymmetric registered
[    0.820344] Asymmetric key parser 'x509' registered
[    0.821405] Block layer SCSI generic (bsg) driver version 0.4 loaded (major 249)
[    0.823145] io scheduler noop registered
[    0.824021] io scheduler deadline registered (default)
[    0.825120] io scheduler cfq registered
[    0.826171] pci_hotplug: PCI Hot Plug PCI Core version: 0.5
[    0.827358] pciehp: PCI Express Hot Plug Controller Driver version: 0.4
[    0.828831] ACPI: AC Adapter [AC] (on-line)
[    0.829825] input: Power Button as /devices/LNXSYSTM:00/LNXPWRBN:00/input/input0
[    0.831503] ACPI: Power Button [PWRF]
[    0.832432] input: Sleep Button as /devices/LNXSYSTM:00/LNXSLPBN:00/input/input1
[    0.834102] ACPI: Sleep Button [SLPF]
[    0.835110] GHES: HEST is not enabled!
[    0.836122] Serial: 8250/16550 driver, 32 ports, IRQ sharing enabled
[    0.857911] 00:02: ttyS0 at I/O 0x3f8 (irq = 4, base_baud = 115200) is a 16550A
[    0.862288] Linux agpgart interface v0.103
[    0.865550] loop: module loaded
[    0.866885] scsi host0: ata_piix
[    0.867825] scsi host1: ata_piix
[    0.868633] ata1: PATA max UDMA/33 cmd 0x1f0 ctl 0x3f6 bmdma 0xd000 irq 14
[    0.869994] ata2: PATA max UDMA/33 cmd 0x170 ctl 0x376 bmdma 0xd008 irq 15
[    0.871715] libphy: Fixed MDIO Bus: probed
[    0.872670] tun: Universal TUN/TAP device driver, 1.6
[    0.873732] tun: (C) 1999-2004 Max Krasnyansky <maxk@qualcomm.com>
[    0.875110] PPP generic driver version 2.4.2
[    0.876221] ehci_hcd: USB 2.0 'Enhanced' Host Controller (EHCI) Driver
[    0.877619] ehci-pci: EHCI PCI platform driver
[    0.878674] ehci-platform: EHCI generic platform driver
[    0.879759] ohci_hcd: USB 1.1 'Open' Host Controller (OHCI) Driver
[    0.881029] ohci-pci: OHCI PCI platform driver
[    0.882030] ohci-platform: OHCI generic platform driver
[    0.883183] uhci_hcd: USB Universal Host Controller Interface driver
[    0.884543] i8042: PNP: PS/2 Controller [PNP0303:PS2K,PNP0f03:PS2M] at 0x60,0x64 irq 1,12
[    0.886738] serio: i8042 KBD port at 0x60,0x64 irq 1
[    0.887847] serio: i8042 AUX port at 0x60,0x64 irq 12
[    0.889150] mousedev: PS/2 mouse device common for all mice
[    0.890660] input: AT Translated Set 2 keyboard as /devices/platform/i8042/serio0/input/input2
[    0.892948] rtc_cmos rtc_cmos: rtc core: registered rtc_cmos as rtc0
[    0.894351] rtc_cmos rtc_cmos: alarms up to one day, 114 bytes nvram
[    0.895675] i2c /dev entries driver
[    0.896518] device-mapper: uevent: version 1.0.3
[    0.897637] device-mapper: ioctl: 4.34.0-ioctl (2015-10-28) initialised: dm-devel@redhat.com
[    0.899446] ledtrig-cpu: registered to indicate activity on CPUs
[    0.901122] NET: Registered protocol family 10
[    0.902340] NET: Registered protocol family 17
[    0.903320] Key type dns_resolver registered
[    0.904700] registered taskstats version 1
[    0.905679] Loading compiled-in X.509 certificates
[    0.907351] Loaded X.509 cert 'Build time autogenerated kernel key: cf00e047681d67edb2720680708b7d9498083038'
[    0.909504] zswap: loaded using pool lzo/zbud
[    0.913948] Key type trusted registered
[    0.921056] Key type encrypted registered
[    0.921992] AppArmor: AppArmor sha1 policy hashing enabled
[    0.923126] ima: No TPM chip found, activating TPM-bypass!
[    0.924292] ima: Allocated hash algorithm: sha1
[    0.925307] evm: HMAC attrs: 0x1
[    0.926413]   Magic number: 11:461:343
[    0.927315] tty tty60: hash matches
[    0.928249] rtc_cmos rtc_cmos: setting system clock to 2023-10-02 19:18:46 UTC (1696274326)
[    0.930171] BIOS EDD facility v0.16 2004-Jun-25, 0 devices found
[    0.931452] EDD information not available.
[    1.051492] Freeing unused kernel memory: 1492K
[    1.053155] Write protecting the kernel read-only data: 14336k
[    1.055967] Freeing unused kernel memory: 1584K
[    1.058071] Freeing unused kernel memory: 52K
Loading, please wait...
starting version 229
[    1.085685] random: systemd-udevd: uninitialized urandom read (16 bytes read, 2 bits of entropy available)
[    1.086757] random: udevadm: uninitialized urandom read (16 bytes read, 2 bits of entropy available)
[    1.086804] random: udevadm: uninitialized urandom read (16 bytes read, 2 bits of entropy available)
[    1.097290] random: systemd-udevd: uninitialized urandom read (16 bytes read, 2 bits of entropy available)
[    1.101193] random: systemd-udevd: uninitialized urandom read (16 bytes read, 2 bits of entropy available)
[    1.105103] random: systemd-udevd: uninitialized urandom read (16 bytes read, 2 bits of entropy available)
[    1.105372] random: udevadm: uninitialized urandom read (16 bytes read, 2 bits of entropy available)
[    1.105463] random: udevadm: uninitialized urandom read (16 bytes read, 2 bits of entropy available)
[    1.105739] random: udevadm: uninitialized urandom read (16 bytes read, 2 bits of entropy available)
[    1.105840] random: udevadm: uninitialized urandom read (16 bytes read, 2 bits of entropy available)
[    1.164880] Fusion MPT base driver 3.04.20
[    1.166207] Copyright (c) 1999-2008 LSI Corporation
[    1.186060] e1000: Intel(R) PRO/1000 Network Driver - version 7.3.21-k8-NAPI
[    1.187843] e1000: Copyright (c) 1999-2006 Intel Corporation.
[    1.210921] Fusion MPT SPI Host driver 3.04.20
[    1.214077] AVX2 version of gcm_enc/dec engaged.
[    1.215232] AES CTR mode by8 optimization enabled
[    1.589499] input: ImExPS/2 Generic Explorer Mouse as /devices/platform/i8042/serio1/input/input4
[    1.618278] e1000 0000:00:03.0 eth0: (PCI:33MHz:32-bit) 02:be:82:6b:cc:1d
[    1.620859] e1000 0000:00:03.0 eth0: Intel(R) PRO/1000 Network Connection
[    1.986154] e1000 0000:00:08.0 eth1: (PCI:33MHz:32-bit) 08:00:27:fc:b5:60
[    1.987769] e1000 0000:00:08.0 eth1: Intel(R) PRO/1000 Network Connection
[    1.991503] e1000 0000:00:08.0 enp0s8: renamed from eth1
[    1.993153] mptbase: ioc0: Initiating bringup
[    2.002188] e1000 0000:00:03.0 enp0s3: renamed from eth0
[    2.492446] ioc0: LSI53C1030 A0: Capabilities={Initiator}
[    4.392826] scsi host2: ioc0: LSI53C1030 A0, FwRev=00000000h, Ports=1, MaxQ=256, IRQ=20
[    5.364272] scsi 2:0:0:0: Direct-Access     VBOX     HARDDISK         1.0  PQ: 0 ANSI: 5
[    5.367988] scsi target2:0:0: Beginning Domain Validation
[    5.372161] scsi target2:0:0: Domain Validation skipping write tests
[    5.374626] scsi target2:0:0: Ending Domain Validation
[    5.376909] scsi target2:0:0: asynchronous
[    5.379535] scsi 2:0:1:0: Direct-Access     VBOX     HARDDISK         1.0  PQ: 0 ANSI: 5
[    5.404683] scsi target2:0:1: Beginning Domain Validation
[    5.408954] scsi target2:0:1: Domain Validation skipping write tests
[    5.411441] scsi target2:0:1: Ending Domain Validation
[    5.413635] scsi target2:0:1: asynchronous
[    5.425071] sd 2:0:0:0: [sda] 83886080 512-byte logical blocks: (42.9 GB/40.0 GiB)
[    5.428630] sd 2:0:0:0: Attached scsi generic sg0 type 0
[    5.430363] sd 2:0:0:0: [sda] Write Protect is off
[    5.430578] sd 2:0:0:0: [sda] Incomplete mode parameter data
[    5.430581] sd 2:0:0:0: [sda] Assuming drive cache: write through
[    5.438062] sd 2:0:1:0: [sdb] 20480 512-byte logical blocks: (10.5 MB/10.0 MiB)
[    5.441337] sd 2:0:1:0: Attached scsi generic sg1 type 0
[    5.441749]  sda: sda1
[    5.444523] sd 2:0:1:0: [sdb] Write Protect is off
[    5.445665] sd 2:0:0:0: [sda] Attached SCSI disk
[    5.448420] sd 2:0:1:0: [sdb] Incomplete mode parameter data
[    5.450348] sd 2:0:1:0: [sdb] Assuming drive cache: write through
[    5.455262] sd 2:0:1:0: [sdb] Attached SCSI disk
Begin: Loading essential drivers ... [    7.044437] md: linear personality registered for level -1
[    7.050313] md: multipath personality registered for level -4
[    7.056138] md: raid0 personality registered for level 0
[    7.064949] md: raid1 personality registered for level 1
[    7.137796] raid6: sse2x1   gen()  6348 MB/s
[    7.205836] raid6: sse2x1   xor()  4851 MB/s
[    7.273803] raid6: sse2x2   gen()  8812 MB/s
[    7.341797] raid6: sse2x2   xor()  6481 MB/s
[    7.409822] raid6: sse2x4   gen() 11114 MB/s
[    7.477795] raid6: sse2x4   xor()  7756 MB/s
[    7.545797] raid6: avx2x1   gen() 14888 MB/s
[    7.613828] raid6: avx2x2   gen() 17441 MB/s
[    7.681794] raid6: avx2x4   gen() 20025 MB/s
[    7.682855] raid6: using algorithm avx2x4 gen() 20025 MB/s
[    7.684113] raid6: using avx2x2 recovery algorithm
[    7.687400] xor: automatically using best checksumming function:
[    7.783644]    avx       : 78100.000 MB/sec
[    7.786974] async_tx: api initialized (async)
[    7.805672] md: raid6 personality registered for level 6
[    7.807825] md: raid5 personality registered for level 5
[    7.809963] md: raid4 personality registered for level 4
[    7.821566] md: raid10 personality registered for level 10
done.
Begin: Running /scripts/init-premount ... done.
Begin: Mounting root file system ... Begin: Running /scripts/local-top ... done.
Begin: Running /scripts/local-premount ... [    7.876688] Btrfs loaded
Scanning for Btrfs filesystems
done.
Warning: fsck not present, so skipping root file system
[    7.918656] EXT4-fs (sda1): mounted filesystem with ordered data mode. Opts: (null)
done.
Begin: Running /scripts/local-bottom ... done.
Begin: Running /scripts/init-bottom ... done.
[    8.047489] systemd[1]: systemd 229 running in system mode. (+PAM +AUDIT +SELINUX +IMA +APPARMOR +SMACK +SYSVINIT +UTMP +LIBCRYPTSETUP +GCRYPT +GNUTLS +ACL +XZ -LZ4 +SECCOMP +BLKID +ELFUTILS +KMOD -IDN)
[    8.054312] systemd[1]: Detected virtualization oracle.
[    8.056304] systemd[1]: Detected architecture x86-64.

Welcome to [1mUbuntu 16.04.7 LTS[0m!

[    8.061064] systemd[1]: Set hostname to <ubuntu>.
[    8.064466] systemd[1]: Initializing machine ID from random generator.
[    8.066921] systemd[1]: Installed transient /etc/machine-id file.
[    8.241437] systemd[1]: Listening on Journal Socket.
[[0;32m  OK  [0m] Listening on Journal Socket.
[    8.245114] systemd[1]: Listening on Device-mapper event daemon FIFOs.
[[0;32m  OK  [0m] Listening on Device-mapper event daemon FIFOs.
[    8.249295] systemd[1]: Reached target User and Group Name Lookups.
[[0;32m  OK  [0m] Reached target User and Group Name Lookups.
[    8.253302] systemd[1]: Reached target Encrypted Volumes.
[[0;32m  OK  [0m] Reached target Encrypted Volumes.
[    8.257080] systemd[1]: Started Forward Password Requests to Wall Directory Watch.
[[0;32m  OK  [0m] Started Forward Password Requests to Wall Directory Watch.
[    8.262787] systemd[1]: Created slice System Slice.
[[0;32m  OK  [0m] Created slice System Slice.
[    8.266665] systemd[1]: Created slice system-serial\x2dgetty.slice.
[[0;32m  OK  [0m] Created slice system-serial\x2dgetty.slice.
[    8.281966] systemd[1]: Starting Nameserver information manager...
         Starting Nameserver information manager...
[    8.286757] systemd[1]: Mounting Debug File System...
         Mounting Debug File System...
[    8.290922] systemd[1]: Starting Set console keymap...
         Starting Set console keymap...
[    8.294603] systemd[1]: Listening on Syslog Socket.
[[0;32m  OK  [0m] Listening on Syslog Socket.
[    8.297998] systemd[1]: Listening on fsck to fsckd communication Socket.
[[0;32m  OK  [0m] Listening on fsck to fsckd communication Socket.
[    8.303208] systemd[1]: Starting File System Check on Root Device...
         Starting File System Check on Root Device...
[    8.307250] systemd[1]: Listening on udev Control Socket.
[[0;32m  OK  [0m] Listening on udev Control Socket.
[    8.310860] systemd[1]: Reached target System Time Synchronized.
[[0;32m  OK  [0m] Reached target System Time Synchronized.
[    8.315016] systemd[1]: Starting Create list of required static device nodes for the current kernel...
         Starting Create list of required st... nodes for the current kernel...
[    8.322728] systemd[1]: Starting Load Kernel Modules...
         Starting Load Kernel Modules...
[    8.328445] systemd[1]: Listening on udev Kernel Socket.
[[0;32m  OK  [0m] Listening on udev Kernel Socket.
[    8.332514] systemd[1]: Mounting POSIX Message Queue File System...
         Mounting POSIX Message Queue File System...
[    8.338178] systemd[1]: Set up automount Arbitrary Executable File Formats File System Automount Point.
[[0;32m  OK  [0m] Set up automount Arbitrary Executab...ats File System Automount Point.
[    8.343549] systemd[1]: Listening on LVM2 poll daemon socket.
[[0;32m  OK  [0m] Listening on LVM2 poll daemon socket.
[    8.347854] systemd[1]: Created slice User and Session Slice.
[[0;32m  OK  [0m] Created slice User and Session Slice.
[    8.355280] systemd[1]: Reached target Slices.
[[0;32m  OK  [0m] Reached target Slices.
[    8.358234] systemd[1]: Listening on Journal Audit Socket.
[[0;32m  OK  [[    8.360475] Loading iSCSI transport class v2.0-870.
0m] Listening on Journal Audit Socket.
[    8.362523] systemd[1]: Listening on LVM2 metadata daemon socket.
[[0;32m  OK  [0m] Listening on LVM2 metadata daemon socket.
[    8.374010] iscsi: registered transport (tcp)
[    8.377956] systemd[1]: Starting Monitoring of LVM2 mirrors, snapshots etc. using dmeventd or progress polling...
         Starting Monitoring of LVM2 mirrors... dmeventd or progress polling...
[    8.386385] systemd[1]: Mounting Huge Pages File System...
         Mounting Huge Pages File System...
[    8.389935] systemd[1]: Started Trigger resolvconf update for networkd DNS.
[[0;32m  OK  [0m] Started Trigger resolvconf update for networkd DNS.
[    8.394758] systemd[1]: Starting Uncomplicated firewall...
         Starting Uncomplicated firewall...
[    8.398023] systemd[1]: Listening on Journal Socket (/dev/log).
[[0;32m  OK  [0m] Listening on Journal Socket (/dev/log).
[    8.401952] systemd[1]: Starting Journal Service...
         Starting Journal Service...
[    8.404683] systemd[1]: Reached target Swap.
[[0;32m  OK  [0m] Reached target Swap.
[    8.408969] systemd[1]: Listening on /dev/initctl Compatibility Named Pipe.
[[0;32m  OK  [0m] Listening on /dev/initctl Compatibility Named Pipe.
[    8.413905] systemd[1]: Mounted Huge Pages File System.
[[0;32m  OK  [0m] Mounted Huge Pages File System.
[    8.416211] systemd[1]: Mounted POSIX Message Queue File System.
[[0;32m  OK  [0m] Mounted POSIX Message Queue File System.
[    8.418964] systemd[1]: Mounted Debug File System.
[[0;32m  OK  [0m] Mounted Debug File System.
[    8.422130] systemd[1]: Started Set console keymap.
[[0;32m  OK  [0m] Started Set console keymap.
[    8.427111] systemd[1]: Started File System Check on Root Device.
[[0;32m  OK  [0m] Started File System Check on Root Device.
[    8.432563] iscsi: registered transport (iser)
[    8.434525] systemd[1]: Started Create list of required static device nodes for the current kernel.
[[0;32m  OK  [0m] Started Create list of required sta...ce nodes for the current kernel.
[    8.438738] systemd[1]: Started Load Kernel Modules.
[[0;32m  OK  [0m] Started Load Kernel Modules.
[    8.446641] systemd[1]: Started Uncomplicated firewall.
[[0;32m  OK  [0m] Started Uncomplicated firewall.
[    8.458023] systemd[1]: Started Nameserver information manager.
[[0;32m  OK  [0m] Started Nameserver information manager.
[    8.464000] systemd[1]: Started Journal Service.
[[0;32m  OK  [0m] Started Journal Service.
[[0;32m  OK  [0m] Started File System Check Daemon to report status.
[[0;32m  OK  [0m] Started LVM2 metadata daemon.
         Starting Apply Kernel Variables...
         Mounting FUSE Control File System...
         Starting Create Static Device Nodes in /dev...
         Starting Remount Root and Kernel File Systems...
[[0;32m  OK  [0m] Started Apply Kernel Variables.
[[0;32m  OK  [0m] Mounted FUSE Control File System.
[[0;32m  OK  [0m] Started Remount Root and Kernel File Systems.
[[0;32m  OK  [0m] Started Create Static Device Nodes in /dev.
         Starting udev Kernel Device Manager...
         Starting udev Coldplug all Devices...
         Starting Load/Save Random Seed...
         Starting Flush Journal to Persistent Storage...
[[0;32m  OK  [0m] Started Load/Save Random Seed.
[[0;32m  OK  [0m] Started Flush Journal to Persistent Storage.
[[0;32m  OK  [0m] Started udev Kernel Device Manager.
[[0;32m  OK  [0m] Started udev Coldplug all Devices.
[[0;32m  OK  [0m] Started Dispatch Password Requests to Console Directory Watch.
[[0;32m  OK  [0m] Started Monitoring of LVM2 mirrors,...ng dmeventd or progress polling.
[[0;32m  OK  [0m] Reached target Local File Systems (Pre).
[[0;32m  OK  [0m] Reached target Local File Systems.
         Starting Commit a transient machine-id on disk...
         Starting Set console font and keymap...
         Starting Initial cloud-init job (pre-networking)...
         Starting Create Volatile Files and Directories...
         Starting LSB: AppArmor initialization...
         Starting Tell Plymouth To Write Out Runtime Data...
[[0;32m  OK  [0m] Started Tell Plymouth To Write Out Runtime Data.
[[0;32m  OK  [0m] Started Create Volatile Files and Directories.
         Starting Update UTMP about System Boot/Shutdown...
[[0;32m  OK  [0m] Started Commit a transient machine-id on disk.
[[0;32m  OK  [0m] Started Update UTMP about System Boot/Shutdown.
[[0;32m  OK  [0m] Found device /dev/ttyS0.
[[0;32m  OK  [0m] Listening on Load/Save RF Kill Switch Status /dev/rfkill Watch.
[[0;32m  OK  [0m] Started Set console font and keymap.
[[0;32m  OK  [0m] Created slice system-getty.slice.
[[0;32m  OK  [0m] Started LSB: AppArmor initialization.
         Starting Load AppArmor profiles managed internally by snapd...
[[0;32m  OK  [0m] Started Load AppArmor profiles managed internally by snapd.
[    9.675149] cloud-init[488]: Cloud-init v. 21.1-19-gbad84ad4-0ubuntu1~16.04.2 running 'init-local' at Mon, 02 Oct 2023 19:18:55 +0000. Up 9.23 seconds.
[[0;32m  OK  [0m] Started Initial cloud-init job (pre-networking).
[[0;32m  OK  [0m] Reached target Network (Pre).
         Starting Raise network interfaces...
[[0;32m  OK  [0m] Started Raise network interfaces.
         Starting Initial cloud-init job (metadata service crawler)...
[[0;32m  OK  [0m] Reached target Network.
[   10.893740] cloud-init[953]: Cloud-init v. 21.1-19-gbad84ad4-0ubuntu1~16.04.2 running 'init' at Mon, 02 Oct 2023 19:18:56 +0000. Up 10.26 seconds.
[   10.897464] cloud-init[953]: ci-info: ++++++++++++++++++++++++++++++++++++++Net device info+++++++++++++++++++++++++++++++++++++++
[   10.901082] cloud-init[953]: ci-info: +--------+-------+----------------------------+---------------+--------+-------------------+
[   10.904398] cloud-init[953]: ci-info: | Device |   Up  |          Address           |      Mask     | Scope  |     Hw-Address    |
[   10.908031] cloud-init[953]: ci-info: +--------+-------+----------------------------+---------------+--------+-------------------+
[   10.911564] cloud-init[953]: ci-info: | enp0s3 |  True |         10.0.2.15          | 255.255.255.0 | global | 02:be:82:6b:cc:1d |
[   10.914859] cloud-init[953]: ci-info: | enp0s3 |  True | fe80::be:82ff:fe6b:cc1d/64 |       .       |  link  | 02:be:82:6b:cc:1d |
[   10.918035] cloud-init[953]: ci-info: | enp0s8 | False |             .              |       .       |   .    | 08:00:27:fc:b5:60 |
[   10.921438] cloud-init[953]: ci-info: |   lo   |  True |         127.0.0.1          |   255.0.0.0   |  host  |         .         |
[[0;32m  OK  [0m] Started Initial cloud-init job (metadata service crawler).
[[0;32m  OK  [0m] Reached target System Initialization.[   10.924679] cloud-init[953]: ci-info: |   lo   |  True |          ::1/128           |       .       |  host  |         .         |
[   10.929227] cloud-init[953]: ci-info: +--------+-------+----------------------------+---------------+--------+-------------------+
[   10.932087] cloud-init[953]: ci-info: +++++++++++++++++++++++++++Route IPv4 info++++++++++++++++++++++++++++
[   10.934223] cloud-init[953]: ci-info: +-------+-------------+----------+---------------+-----------+-------+
[   10.936096] cloud-init[953]: ci-info: | Route | Destination | Gateway  |    Genmask    | Interface | Flags |
[   10.937936] cloud-init[953]: ci-info: +-------+-------------+----------+---------------+-----------+-------+
[   10.939798] cloud-init[953]: ci-info: |   0   |   0.0.0.0   | 10.0.2.2 |    0.0.0.0    |   enp0s3  |   UG  |
[   10.941742] cloud-init[953]: ci-info: |   1   |   10.0.2.0  | 0.0.0.0  | 255.255.255.0 |   enp0s3  |   U   |
[   10.943621] cloud-init[953]: ci-info: +-------+-------------+----------+---------------+-----------+-------+
[   10.945512] cloud-init[953]: ci-info: +++++++++++++++++++Route IPv6 info+++++++++++++++++++
[   10.947411] cloud-init[953]: ci-info: +-------+-------------+---------+-----------+-------+
[   10.948958] cloud-init[953]: ci-info: | Route | Destination | Gateway | Interface | Flags |
[   10.950546] cloud-init[953]: ci-info: +-------+-------------+---------+-----------+-------+
[   10.952408] cloud-init[953]: ci-info: |   0   |  fe80::/64  |    ::   |   enp0s3  |   U   |
[   10.953876] cloud-init[953]: ci-info: |   3   |   ff00::/8  |    ::   |   enp0s3  |   U   |
[   10.955560] cloud-init[953]: ci-info: +-------+-------------+---------+-----------+-------+
[   10.957268] cloud-init[953]: Generating public/private rsa key pair.
[   10.958957] cloud-init[953]: Your identification has been saved in /etc/ssh/ssh_host_rsa_key.
[   10.960319] cloud-init[953]: Your public key has been saved in /etc/ssh/ssh_host_rsa_key.pub.
[   10.962182] cloud-init[953]: The key fingerprint is:
[   10.964712] cloud-init[953]: SHA256:uhBfjGlraY+ckmzAcZWxMe9rqOs+SYU27QCgyFzalZ8 root@ubuntu-xenial
[   10.964760] cloud-init[953]: The key's randomart image is:
[   10.967156] cloud-init[953]: +---[RSA 2048]----+
[   10.968400] cloud-init[953]: |.. . .=o         |
[   10.968794] cloud-init[953]: |= = ..o=         |
[   10.970122] cloud-init[953]: |o+ o +o o        |
[   10.970832] cloud-init[953]: |  . * oE         |
[   10.972138] cloud-init[953]: | . +.=+ S        |
[   10.972910] cloud-init[953]: |  o .+.* .       |
[   10.974567] cloud-init[953]: |   +.oO o        |
[   10.974987] cloud-init[953]: |    B* *         |
[   10.976304] cloud-init[953]: |   +=+= .        |
[   10.977024] cloud-init[953]: +----[SHA256]-----+
[   10.978355] cloud-init[953]: Generating public/private dsa key pair.
[   10.979089] cloud-init[953]: Your identification has been saved in /etc/ssh/ssh_host_dsa_key.
[   10.980758] cloud-init[953]: Your public key has been saved in /etc/ssh/ssh_host_dsa_key.pub.
[   10.982724] cloud-init[953]: The key fingerprint is:
[   10.983905] cloud-init[953]: SHA256:yIT2RPsaaa1+zrPdhHgYGeDnUfmxzLYPzU1lml6LVFY root@ubuntu-xenial
[   10.984511] cloud-init[953]: The key's randomart image is:

[   10.986899] cloud-init[953]: +---[DSA 1024]----+
[   10.987039] cloud-init[953]: |      o   ..    E|
[   10.988123] cloud-init[953]: |     + o .. .  oo|
[   10.988677] cloud-init[953]: |    o = +  + oo+.|
[   10.989695] cloud-init[953]: |   . = B +  *.o o|
[   10.990341] cloud-init[953]: |      B S  ..=.+.|
[   10.991385] cloud-init[953]: |     . + + .o.+..|
[   10.991950] cloud-init[953]: |      o o o .o   |
[   10.992904] cloud-init[953]: |     . .oo o  .  |
[   10.993450] cloud-init[953]: |      .o+o. .    |
[   10.993793] cloud-init[953]: +----[SHA256]-----+
[   10.994581] cloud-init[953]: Generating public/private ecdsa key pair.
[   10.994757] cloud-init[953]: Your identification has been saved in /etc/ssh/ssh_host_ecdsa_key.
[   10.995735] cloud-init[953]: Your public key has been saved in /etc/ssh/ssh_host_ecdsa_key.pub.
[   10.995954] cloud-init[953]: The key fingerprint is:
[   10.996267] cloud-init[953]: SHA256:8eNmyh6RAnWmEVXD7PZhKJdNKyS/cdtVl+JxW8kvL6A root@ubuntu-xenial
[   10.996611] cloud-init[953]: The key's randomart image is:
[   10.996928] cloud-init[953]: +---[ECDSA 256]---+
[   10.997277] cloud-init[953]: |      +o++o   . o|
[   10.997635] cloud-init[953]: |     . =. +..o =+|
[   10.997965] cloud-init[953]: |    . . .= =..+ *|
[   10.998329] cloud-init[953]: |     .  .+X B...o|
[   10.998665] cloud-init[953]: |      . S+oO = + |
[   10.999005] cloud-init[953]: |       . oE.o o .|
[   10.999419] cloud-init[953]: |        . +    . |
[   10.999755] cloud-init[953]: |       . =       |
[   11.000870] cloud-init[953]: |       .+        |
[   11.001173] cloud-init[953]: +----[SHA256]-----+
[   11.001501] cloud-init[953]: Generating public/private ed25519 key pair.
[   11.001863] cloud-init[953]: Your identification has been saved in /etc/ssh/ssh_host_ed25519_key.
[   11.002173] cloud-init[953]: Your public key has been saved in /etc/ssh/ssh_host_ed25519_key.pub.
[   11.002516] cloud-init[953]: The key fingerprint is:
[   11.002668] cloud-init[953]: SHA256:4y169El+oSrPsfuJ4IF7JI5SCrNRDpzfEHrQYf+r8LA root@ubuntu-xenial
[   11.003251] cloud-init[953]: The key's randomart image is:
[   11.003736] cloud-init[953]: +--[ED25519 256]--+
[   11.004076] cloud-init[953]: |  .o.            |
[   11.004216] cloud-init[953]: | ..o.            |
[   11.004749] cloud-init[953]: |. + ..           |
[   11.005126] cloud-init[953]: |.+.o  .          |
[   11.005444] cloud-init[953]: | +o o  .S        |
[   11.005796] cloud-init[953]: |+ o..o..oo. .    |
[   11.006148] cloud-init[953]: |.* =.ooo++.o .   |
[   11.006892] cloud-init[953]: |+ . *o+=.==..    |
[   11.007231] cloud-init[953]: | . E.+o+B+o.     |
[   11.007528] cloud-init[953]: +----[SHA256]-----+
         Starting LXD - unix socket.
[[0;32m  OK  [0m] Started Daily apt download activities.
[[0;32m  OK  [0m] Started Message of the Day.
[[0;32m  OK  [0m] Started Daily Cleanup of Temporary Directories.
[[0;32m  OK  [0m] Started Daily apt upgrade and clean activities.
         Starting Socket activation for snappy daemon.
[[0;32m  OK  [0m] Listening on D-Bus System Message Bus Socket.
[[0;32m  OK  [0m] Started ACPI Events Check.
[[0;32m  OK  [0m] Reached target Paths.
[[0;32m  OK  [0m] Listening on UUID daemon activation socket.
[[0;32m  OK  [0m] Listening on ACPID Listen Socket.
[[0;32m  OK  [0m] Started Ubuntu Advantage update messaging.
[[0;32m  OK  [0m] Reached target Timers.
[[0;32m  OK  [0m] Reached target Cloud-config availability.
[[0;32m  OK  [0m] Reached target Network is Online.
         Starting iSCSI initiator daemon (iscsid)...
[[0;32m  OK  [0m] Listening on LXD - unix socket.
[[0;32m  OK  [0m] Listening on Socket activation for snappy daemon.
[[0;32m  OK  [0m] Reached target Sockets.
[[0;32m  OK  [0m] Reached target Basic System.
         Starting LSB: MD monitoring daemon...
         Starting Login Service...
         Starting System Logging Service...
[[0;32m  OK  [0m] Started Regular background program processing daemon.
         Starting Accounts Service...
[[0;32m  OK  [0m] Started D-Bus System Message Bus.
[[0;32m  OK  [0m] Started FUSE filesystem for LXC.
         Starting Pollinate to seed the pseudo random number generator...
         Starting Snap Daemon...
         Starting /etc/rc.local Compatibility...
         Starting Virtualbox guest utils...
         Starting LXD - container startup/shutdown...
         Starting LSB: Record successful boot for GRUB...
[[0;32m  OK  [0m] Started Deferred execution scheduler.
[[0;32m  OK  [0m] Started ACPI event daemon.
[[0;32m  OK  [0m] Started System Logging Service.
[[0;32m  OK  [0m] Started /etc/rc.local Compatibility.
[[0;32m  OK  [0m] Started Login Service.
[[0;32m  OK  [0m] Started Unattended Upgrades Shutdown.
[[0;32m  OK  [0m] Started iSCSI initiator daemon (iscsid).
         Starting Login to default iSCSI targets...
[[0;32m  OK  [0m] Started LSB: MD monitoring daemon.
[[0;32m  OK  [0m] Started Login to default iSCSI targets.
[[0;32m  OK  [0m] Reached target Remote File Systems (Pre).
[[0;32m  OK  [0m] Reached target Remote File Systems.
         Starting LSB: daemon to balance interrupts for SMP systems...
         Starting LSB: Set the CPU Frequency Scaling governor to "ondemand"...
         Starting LSB: automatic crash report generation...
         Starting Permit User Sessions...
[[0;32m  OK  [0m] Started Permit User Sessions.
         Starting Terminate Plymouth Boot Screen...
         Starting Hold until boot process finishes up...
[[0;32m  OK  [0m] Started Hold until boot process finishes up.
[[0;32m  OK  [0m] Started Getty on tty1.
         Starting Set console scheme...
[[0;32m  OK  [0m] Started Serial Getty on ttyS0.
[[0;32m  OK  [0m] Reached target Login Prompts.
[[0;32m  OK  [0m] Started Terminate Plymouth Boot Screen.
[[0;32m  OK  [0m] Started Set console scheme.
         Starting Authenticate and Authorize Users to Run Privileged Tasks...
[[0;32m  OK  [0m] Started LSB: daemon to balance interrupts for SMP systems.
[[0;32m  OK  [0m] Started LSB: Record successful boot for GRUB.
[[0;32m  OK  [0m] Started LSB: Set the CPU Frequency Scaling governor to "ondemand".
[[0;32m  OK  [0m] Started LSB: automatic crash report generation.
[[0;32m  OK  [0m] Started Authenticate and Authorize Users to Run Privileged Tasks.
[[0;32m  OK  [0m] Started Accounts Service.
[[0;32m  OK  [0m] Started Virtualbox guest utils.
[[0;32m  OK  [0m] Started LXD - container startup/shutdown.
[[0;32m  OK  [0m] Started Snap Daemon.
         Starting Wait until snapd is fully seeded...
[[0;32m  OK  [0m] Started Pollinate to seed the pseudo random number generator.
         Starting OpenBSD Secure Shell server...
[[0;32m  OK  [0m] Started OpenBSD Secure Shell server.
[[0;32m  OK  [0m] Created slice User Slice of vagrant.
         Starting User Manager for UID 1000...
[[0;32m  OK  [0m] Started Session 1 of user vagrant.
[[0;32m  OK  [0m] Started User Manager for UID 1000.
[[0;32m  OK  [0m] Started Wait until snapd is fully seeded.
         Starting Apply the settings specified in cloud-config...
[[0;32m  OK  [0m] Reached target Multi-User System.
[[0;32m  OK  [0m] Reached target Graphical Interface.
         Starting Update UTMP about System Runlevel Changes...
[[0;32m  OK  [0m] Started Update UTMP about System Runlevel Changes.
[   13.356186] cloud-init[1369]: Generating locales (this might take a while)...
[   13.992613] cloud-init[1369]:   en_US.UTF-8... done
[   13.995909] cloud-init[1369]: Generation complete.
[   14.251694] cloud-init[1369]: Cloud-init v. 21.1-19-gbad84ad4-0ubuntu1~16.04.2 running 'modules:config' at Mon, 02 Oct 2023 19:18:59 +0000. Up 13.26 seconds.
[[0;32m  OK  [0m] Started Apply the settings specified in cloud-config.
         Starting Execute cloud user/final scripts...
ci-info: no authorized SSH keys fingerprints found for user ubuntu.
<14>Oct  2 19:19:00 ec2: 
<14>Oct  2 19:19:00 ec2: #############################################################
<14>Oct  2 19:19:00 ec2: -----BEGIN SSH HOST KEY FINGERPRINTS-----
<14>Oct  2 19:19:00 ec2: 1024 SHA256:yIT2RPsaaa1+zrPdhHgYGeDnUfmxzLYPzU1lml6LVFY root@ubuntu-xenial (DSA)
<14>Oct  2 19:19:00 ec2: 256 SHA256:8eNmyh6RAnWmEVXD7PZhKJdNKyS/cdtVl+JxW8kvL6A root@ubuntu-xenial (ECDSA)
<14>Oct  2 19:19:00 ec2: 256 SHA256:4y169El+oSrPsfuJ4IF7JI5SCrNRDpzfEHrQYf+r8LA root@ubuntu-xenial (ED25519)
<14>Oct  2 19:19:00 ec2: 2048 SHA256:uhBfjGlraY+ckmzAcZWxMe9rqOs+SYU27QCgyFzalZ8 root@ubuntu-xenial (RSA)
<14>Oct  2 19:19:00 ec2: -----END SSH HOST KEY FINGERPRINTS-----
<14>Oct  2 19:19:00 ec2: #############################################################
-----BEGIN SSH HOST KEY KEYS-----
ecdsa-sha2-nistp256 AAAAE2VjZHNhLXNoYTItbmlzdHAyNTYAAAAIbmlzdHAyNTYAAABBBNi0oqKWLhCpKe06WNKujGqXgTSiM7qsYStHHf2cWDW6BF/HS8kkxZpzuUXm/XsMnri0DH2ynT3XwhlFwzIHTcY= root@ubuntu-xenial
ssh-ed25519 AAAAC3NzaC1lZDI1NTE5AAAAIBUhHr7sRL/SqKSrMSFhLym9sVncU4/EPAhoTt4ThabQ root@ubuntu-xenial
ssh-rsa AAAAB3NzaC1yc2EAAAADAQABAAABAQDibiJCZUqtl5g5sKtwAl1Msogw57+fCE1Sh7x5D4qXU2XZLStRAxb642NvWtcONiSJeQIukZBPQG/sWgd+fNWrBRurUx2o6QD5mUsWUnHKn4HYJmRU+yGr3AUnplpzQEpACqHkKswKiPHEtcgwyGuPFe4smoky4EgkrJHJqN73Q3j9CURLqI4Iop/mNfZQNXU+mE4kuUFsrGryhZyHTNHrlQ1VAmo/Igvjwh0Dp3NsxFJUG/6s+lbpNK96do161kH/CR6M95giwe581zruTnZTcxC6jSZh/XyYI7IQ+L5kHvrqb3cAPgfM4hmyhrk6bo5zhhpWGDpLUwa3SwqJ0NgP root@ubuntu-xenial
-----END SSH HOST KEY KEYS-----
[   14.755473] cloud-init[1482]: Cloud-init v. 21.1-19-gbad84ad4-0ubuntu1~16.04.2 running 'modules:final' at Mon, 02 Oct 2023 19:19:00 +0000. Up 14.58 seconds.
[   14.759486] cloud-init[1482]: ci-info: no authorized SSH keys fingerprints found for user ubuntu.
[   14.761740] cloud-init[1482]: Cloud-init v. 21.1-19-gbad84ad4-0ubuntu1~16.04.2 finished at Mon, 02 Oct 2023 19:19:00 +0000. Datasource DataSourceNoCloud [seed=/dev/sdb][dsmode=net].  Up 14.74 seconds
[[0;32m  OK  [0m] Started Execute cloud user/final scripts.
[[0;32m  OK  [0m] Reached target Cloud-init target.

Ubuntu 16.04.7 LTS ubuntu-xenial ttyS0

ubuntu-xenial login: 